Release 14.5 - xst P.58f (nt64)
Copyright (c) 1995-2012 Xilinx, Inc.  All rights reserved.
--> Parameter TMPDIR set to xst/projnav.tmp


Total REAL time to Xst completion: 0.00 secs
Total CPU time to Xst completion: 0.25 secs
 
--> Parameter xsthdpdir set to xst


Total REAL time to Xst completion: 0.00 secs
Total CPU time to Xst completion: 0.25 secs
 
--> Reading design: top.prj

TABLE OF CONTENTS
  1) Synthesis Options Summary
  2) HDL Compilation
  3) Design Hierarchy Analysis
  4) HDL Analysis
  5) HDL Synthesis
     5.1) HDL Synthesis Report
  6) Advanced HDL Synthesis
     6.1) Advanced HDL Synthesis Report
  7) Low Level Synthesis
  8) Partition Report
  9) Final Report
	9.1) Device utilization summary
	9.2) Partition Resource Summary
	9.3) TIMING REPORT


=========================================================================
*                      Synthesis Options Summary                        *
=========================================================================
---- Source Parameters
Input File Name                    : "top.prj"
Input Format                       : mixed
Ignore Synthesis Constraint File   : NO

---- Target Parameters
Output File Name                   : "top"
Output Format                      : NGC
Target Device                      : xc3s100e-4-cp132

---- Source Options
Top Module Name                    : top
Automatic FSM Extraction           : YES
FSM Encoding Algorithm             : Auto
Safe Implementation                : No
FSM Style                          : LUT
RAM Extraction                     : Yes
RAM Style                          : Auto
ROM Extraction                     : Yes
Mux Style                          : Auto
Decoder Extraction                 : YES
Priority Encoder Extraction        : Yes
Shift Register Extraction          : YES
Logical Shifter Extraction         : YES
XOR Collapsing                     : YES
ROM Style                          : Auto
Mux Extraction                     : Yes
Resource Sharing                   : YES
Asynchronous To Synchronous        : NO
Multiplier Style                   : Auto
Automatic Register Balancing       : No

---- Target Options
Add IO Buffers                     : YES
Global Maximum Fanout              : 100000
Add Generic Clock Buffer(BUFG)     : 24
Register Duplication               : YES
Slice Packing                      : YES
Optimize Instantiated Primitives   : NO
Use Clock Enable                   : Yes
Use Synchronous Set                : Yes
Use Synchronous Reset              : Yes
Pack IO Registers into IOBs        : Auto
Equivalent register Removal        : YES

---- General Options
Optimization Goal                  : Speed
Optimization Effort                : 1
Keep Hierarchy                     : No
Netlist Hierarchy                  : As_Optimized
RTL Output                         : Yes
Global Optimization                : AllClockNets
Read Cores                         : YES
Write Timing Constraints           : NO
Cross Clock Analysis               : NO
Hierarchy Separator                : /
Bus Delimiter                      : <>
Case Specifier                     : Maintain
Slice Utilization Ratio            : 100
BRAM Utilization Ratio             : 100
Verilog 2001                       : YES
Auto BRAM Packing                  : NO
Slice Utilization Ratio Delta      : 5

=========================================================================


=========================================================================
*                          HDL Compilation                              *
=========================================================================
Compiling verilog file "vertical.v" in library work
Compiling verilog file "horizontal.v" in library work
Module <vertical> compiled
Compiling verilog file "clkDiv.v" in library work
Module <horizontal> compiled
Compiling verilog file "top.v" in library work
Module <clkDiv> compiled
Module <top> compiled
No errors in compilation
Analysis of file <"top.prj"> succeeded.
 

=========================================================================
*                     Design Hierarchy Analysis                         *
=========================================================================
Analyzing hierarchy for module <top> in library <work>.

Analyzing hierarchy for module <clkDiv> in library <work> with parameters.
	maxValue = "000000000000000000001"

Analyzing hierarchy for module <horizontal> in library <work>.

Analyzing hierarchy for module <vertical> in library <work>.


=========================================================================
*                            HDL Analysis                               *
=========================================================================
Analyzing top module <top>.
Module <top> is correct for synthesis.
 
Analyzing module <clkDiv> in library <work>.
	maxValue = 21'b000000000000000000001
Module <clkDiv> is correct for synthesis.
 
Analyzing module <horizontal> in library <work>.
Module <horizontal> is correct for synthesis.
 
Analyzing module <vertical> in library <work>.
Module <vertical> is correct for synthesis.
 

=========================================================================
*                           HDL Synthesis                               *
=========================================================================

Performing bidirectional port resolution...

Synthesizing Unit <clkDiv>.
    Related source file is "clkDiv.v".
    Found 21-bit up counter for signal <counter>.
    Found 1-bit register for signal <slowclk>.
    Summary:
	inferred   1 Counter(s).
	inferred   1 D-type flip-flop(s).
Unit <clkDiv> synthesized.


Synthesizing Unit <horizontal>.
    Related source file is "horizontal.v".
    Found 16-bit up counter for signal <pixInRow>.
    Found 1-bit register for signal <startVerCount>.
    Found 16-bit comparator less for signal <pixInRow$cmp_lt0000> created at line 10.
    Summary:
	inferred   1 Counter(s).
	inferred   1 D-type flip-flop(s).
	inferred   1 Comparator(s).
Unit <horizontal> synthesized.


Synthesizing Unit <vertical>.
    Related source file is "vertical.v".
    Found 16-bit up counter for signal <pixInCol>.
    Found 16-bit comparator less for signal <pixInCol$cmp_lt0000> created at line 10.
    Summary:
	inferred   1 Counter(s).
	inferred   1 Comparator(s).
Unit <vertical> synthesized.


Synthesizing Unit <top>.
    Related source file is "top.v".
    Found 16-bit comparator less for signal <hsync$cmp_lt0000> created at line 17.
    Found 16-bit comparator greater for signal <red$cmp_gt0000> created at line 20.
    Found 16-bit comparator greater for signal <red$cmp_gt0001> created at line 20.
    Found 16-bit comparator less for signal <red$cmp_lt0000> created at line 20.
    Found 16-bit comparator less for signal <red$cmp_lt0001> created at line 20.
    Found 16-bit comparator less for signal <vsync$cmp_lt0000> created at line 18.
    Summary:
	inferred   6 Comparator(s).
Unit <top> synthesized.


=========================================================================
HDL Synthesis Report

Macro Statistics
# Counters                                             : 3
 16-bit up counter                                     : 2
 21-bit up counter                                     : 1
# Registers                                            : 2
 1-bit register                                        : 2
# Comparators                                          : 8
 16-bit comparator greater                             : 2
 16-bit comparator less                                : 6

=========================================================================

=========================================================================
*                       Advanced HDL Synthesis                          *
=========================================================================


=========================================================================
Advanced HDL Synthesis Report

Macro Statistics
# Counters                                             : 3
 16-bit up counter                                     : 2
 21-bit up counter                                     : 1
# Registers                                            : 2
 Flip-Flops                                            : 2
# Comparators                                          : 8
 16-bit comparator greater                             : 2
 16-bit comparator less                                : 6

=========================================================================

=========================================================================
*                         Low Level Synthesis                           *
=========================================================================

Optimizing unit <top> ...

Mapping all equations...
Building and optimizing final netlist ...
Found area constraint ratio of 100 (+ 5) on block top, actual ratio is 6.

Final Macro Processing ...

=========================================================================
Final Register Report

Macro Statistics
# Registers                                            : 55
 Flip-Flops                                            : 55

=========================================================================

=========================================================================
*                           Partition Report                            *
=========================================================================

Partition Implementation Status
-------------------------------

  No Partitions were found in this design.

-------------------------------

=========================================================================
*                            Final Report                               *
=========================================================================
Final Results
RTL Top Level Output File Name     : top.ngr
Top Level Output File Name         : top
Output Format                      : NGC
Optimization Goal                  : Speed
Keep Hierarchy                     : No

Design Statistics
# IOs                              : 15

Cell Usage :
# BELS                             : 264
#      GND                         : 1
#      INV                         : 8
#      LUT1                        : 58
#      LUT2                        : 12
#      LUT3                        : 5
#      LUT4                        : 26
#      LUT4_L                      : 1
#      MUXCY                       : 99
#      VCC                         : 1
#      XORCY                       : 53
# FlipFlops/Latches                : 55
#      FDE                         : 1
#      FDR                         : 38
#      FDRE                        : 16
# Clock Buffers                    : 2
#      BUFG                        : 1
#      BUFGP                       : 1
# IO Buffers                       : 14
#      OBUF                        : 14
=========================================================================

Device utilization summary:
---------------------------

Selected Device : 3s100ecp132-4 

 Number of Slices:                       57  out of    960     5%  
 Number of Slice Flip Flops:             55  out of   1920     2%  
 Number of 4 input LUTs:                110  out of   1920     5%  
 Number of IOs:                          15
 Number of bonded IOBs:                  15  out of     83    18%  
 Number of GCLKs:                         2  out of     24     8%  

---------------------------
Partition Resource Summary:
---------------------------

  No Partitions were found in this design.

---------------------------


=========================================================================
TIMING REPORT

NOTE: THESE TIMING NUMBERS ARE ONLY A SYNTHESIS ESTIMATE.
      FOR ACCURATE TIMING INFORMATION PLEASE REFER TO THE TRACE REPORT
      GENERATED AFTER PLACE-and-ROUTE.

Clock Information:
------------------
-----------------------------------+------------------------+-------+
Clock Signal                       | Clock buffer(FF name)  | Load  |
-----------------------------------+------------------------+-------+
clk                                | BUFGP                  | 22    |
slowclk/slowclk1                   | BUFG                   | 33    |
-----------------------------------+------------------------+-------+

Asynchronous Control Signals Information:
----------------------------------------
No asynchronous control signals found in this design

Timing Summary:
---------------
Speed Grade: -4

   Minimum period: 6.410ns (Maximum Frequency: 156.006MHz)
   Minimum input arrival time before clock: No path found
   Maximum output required time after clock: 8.735ns
   Maximum combinational path delay: No path found

Timing Detail:
--------------
All values displayed in nanoseconds (ns)

=========================================================================
Timing constraint: Default period analysis for Clock 'clk'
  Clock period: 4.964ns (frequency: 201.450MHz)
  Total number of paths / destination ports: 694 / 44
-------------------------------------------------------------------------
Delay:               4.964ns (Levels of Logic = 6)
  Source:            slowclk/counter_8 (FF)
  Destination:       slowclk/counter_0 (FF)
  Source Clock:      clk rising
  Destination Clock: clk rising

  Data Path: slowclk/counter_8 to slowclk/counter_0
                                Gate     Net
    Cell:in->out      fanout   Delay   Delay  Logical Name (Net Name)
    ----------------------------------------  ------------
     FDR:C->Q              2   0.591   0.622  slowclk/counter_8 (slowclk/counter_8)
     LUT4:I0->O            1   0.704   0.000  slowclk/counter_cmp_eq0000_wg_lut<1> (slowclk/counter_cmp_eq0000_wg_lut<1>)
     MUXCY:S->O            1   0.464   0.000  slowclk/counter_cmp_eq0000_wg_cy<1> (slowclk/counter_cmp_eq0000_wg_cy<1>)
     MUXCY:CI->O           1   0.059   0.000  slowclk/counter_cmp_eq0000_wg_cy<2> (slowclk/counter_cmp_eq0000_wg_cy<2>)
     MUXCY:CI->O           1   0.059   0.000  slowclk/counter_cmp_eq0000_wg_cy<3> (slowclk/counter_cmp_eq0000_wg_cy<3>)
     MUXCY:CI->O           1   0.059   0.000  slowclk/counter_cmp_eq0000_wg_cy<4> (slowclk/counter_cmp_eq0000_wg_cy<4>)
     MUXCY:CI->O          22   0.331   1.164  slowclk/counter_cmp_eq0000_wg_cy<5> (slowclk/counter_cmp_eq0000)
     FDR:R                     0.911          slowclk/counter_0
    ----------------------------------------
    Total                      4.964ns (3.178ns logic, 1.786ns route)
                                       (64.0% logic, 36.0% route)

=========================================================================
Timing constraint: Default period analysis for Clock 'slowclk/slowclk1'
  Clock period: 6.410ns (frequency: 156.006MHz)
  Total number of paths / destination ports: 800 / 81
-------------------------------------------------------------------------
Delay:               6.410ns (Levels of Logic = 8)
  Source:            vgaVertical/pixInCol_2 (FF)
  Destination:       vgaVertical/pixInCol_0 (FF)
  Source Clock:      slowclk/slowclk1 rising
  Destination Clock: slowclk/slowclk1 rising

  Data Path: vgaVertical/pixInCol_2 to vgaVertical/pixInCol_0
                                Gate     Net
    Cell:in->out      fanout   Delay   Delay  Logical Name (Net Name)
    ----------------------------------------  ------------
     FDRE:C->Q             5   0.591   0.808  vgaVertical/pixInCol_2 (vgaVertical/pixInCol_2)
     LUT2:I0->O            1   0.704   0.000  Mcompar_vsync_cmp_lt0000_lut<0>1 (Mcompar_vsync_cmp_lt0000_lut<0>1)
     MUXCY:S->O            1   0.464   0.000  Mcompar_vsync_cmp_lt0000_cy<0>_1 (Mcompar_vsync_cmp_lt0000_cy<0>2)
     MUXCY:CI->O           1   0.059   0.000  Mcompar_vsync_cmp_lt0000_cy<1>_1 (Mcompar_vsync_cmp_lt0000_cy<1>2)
     MUXCY:CI->O           1   0.059   0.000  Mcompar_vsync_cmp_lt0000_cy<2>_1 (Mcompar_vsync_cmp_lt0000_cy<2>2)
     MUXCY:CI->O           1   0.059   0.000  Mcompar_vsync_cmp_lt0000_cy<3>_1 (Mcompar_vsync_cmp_lt0000_cy<3>2)
     MUXCY:CI->O           1   0.059   0.000  Mcompar_vsync_cmp_lt0000_cy<4>_1 (Mcompar_vsync_cmp_lt0000_cy<4>2)
     MUXCY:CI->O           1   0.459   0.499  Mcompar_vsync_cmp_lt0000_cy<5>_0 (Mcompar_vsync_cmp_lt0000_cy<5>1)
     LUT2:I1->O           16   0.704   1.034  vgaVertical/pixInCol_and00001 (vgaVertical/pixInCol_and0000)
     FDRE:R                    0.911          vgaVertical/pixInCol_0
    ----------------------------------------
    Total                      6.410ns (4.069ns logic, 2.341ns route)
                                       (63.5% logic, 36.5% route)

=========================================================================
Timing constraint: Default OFFSET OUT AFTER for Clock 'slowclk/slowclk1'
  Total number of paths / destination ports: 698 / 14
-------------------------------------------------------------------------
Offset:              8.735ns (Levels of Logic = 8)
  Source:            vgaHorizontal/pixInRow_4 (FF)
  Destination:       blue<3> (PAD)
  Source Clock:      slowclk/slowclk1 rising

  Data Path: vgaHorizontal/pixInRow_4 to blue<3>
                                Gate     Net
    Cell:in->out      fanout   Delay   Delay  Logical Name (Net Name)
    ----------------------------------------  ------------
     FDR:C->Q              5   0.591   0.808  vgaHorizontal/pixInRow_4 (vgaHorizontal/pixInRow_4)
     LUT1:I0->O            1   0.704   0.000  Mcompar_hsync_cmp_lt0000_cy<0>_0_rt (Mcompar_hsync_cmp_lt0000_cy<0>_0_rt)
     MUXCY:S->O            1   0.464   0.000  Mcompar_hsync_cmp_lt0000_cy<0>_0 (Mcompar_hsync_cmp_lt0000_cy<0>1)
     MUXCY:CI->O           1   0.059   0.000  Mcompar_hsync_cmp_lt0000_cy<1>_0 (Mcompar_hsync_cmp_lt0000_cy<1>1)
     MUXCY:CI->O           1   0.059   0.000  Mcompar_hsync_cmp_lt0000_cy<2>_0 (Mcompar_hsync_cmp_lt0000_cy<2>1)
     MUXCY:CI->O           1   0.059   0.000  Mcompar_hsync_cmp_lt0000_cy<3>_0 (Mcompar_hsync_cmp_lt0000_cy<3>1)
     MUXCY:CI->O           1   0.459   0.595  Mcompar_hsync_cmp_lt0000_cy<4> (Mcompar_hsync_cmp_lt0000_cy<4>)
     LUT4:I0->O           12   0.704   0.961  red_and00001 (red_0_OBUF)
     OBUF:I->O                 3.272          blue_3_OBUF (blue<3>)
    ----------------------------------------
    Total                      8.735ns (6.371ns logic, 2.364ns route)
                                       (72.9% logic, 27.1% route)

=========================================================================


Total REAL time to Xst completion: 6.00 secs
Total CPU time to Xst completion: 5.90 secs
 
--> 

Total memory usage is 4472092 kilobytes

Number of errors   :    0 (   0 filtered)
Number of warnings :    0 (   0 filtered)
Number of infos    :    0 (   0 filtered)

